<?xml version="1.0" encoding="UTF-8"?><testsuite errors="0" failures="1" name="Utest" skipped="0" tests="1" time="26.45" timestamp="2022-03-30 10:47:40"><testcase name="Sign up page"><failure message="Expected enabled element was not enabled" type="net.thucydides.core.webdriver.exceptions.ElementShouldBeEnabledException">Expected enabled element was not enabled</failure><system-err>Expected enabled element was not enabled&#13;
retotecnico.tasks.Register.performAs(Register.java:20)&#13;
retotecnico.stepdefinitions.retotecnicoStepDefinitions.thatDylanWantsToRegisterOnTheUTestPlatform(retotecnicoStepDefinitions.java:23)&#13;
cucumber.runner.Runner.runPickle(Runner.java:80)&#13;
</system-err></testcase></testsuite>